The system is: Windows - 10.0.19041 - AMD64
Compiling the C compiler identification source file "CMakeCCompilerId.c" succeeded.
Compiler: C:/Program Files (x86)/Microsoft Visual Studio/2017/Community/VC/Tools/MSVC/14.16.27023/bin/Hostx64/x64/cl.exe 
Build flags: 
Id flags:  

The output was:
0
Microsoft (R) C/C++ Optimizing Compiler Version 19.16.27043 for x64
Copyright (C) Microsoft Corporation.  All rights reserved.

CMakeCCompilerId.c
Microsoft (R) Incremental Linker Version 14.16.27043.0
Copyright (C) Microsoft Corporation.  All rights reserved.

/out:CMakeCCompilerId.exe 
CMakeCCompilerId.obj 


Compilation of the C compiler identification source "CMakeCCompilerId.c" produced "CMakeCCompilerId.exe"

Compilation of the C compiler identification source "CMakeCCompilerId.c" produced "CMakeCCompilerId.obj"

The C compiler identification is MSVC, found in "C:/Users/penci/OneDrive/Desktop/LibPyMath/LibPyMath/libpymath/LibPyMathModules/cmake-build-debug/CMakeFiles/3.17.3/CompilerIdC/CMakeCCompilerId.exe"

Determining if the C compiler works passed with the following output:
Change Dir: C:/Users/penci/OneDrive/Desktop/LibPyMath/LibPyMath/libpymath/LibPyMathModules/cmake-build-debug/CMakeFiles/CMakeTmp

Run Build Command(s):nmake /nologo cmTC_76f97\fast && 	"C:\Program Files (x86)\Microsoft Visual Studio\2017\Community\VC\Tools\MSVC\14.16.27023\bin\HostX64\x64\nmake.exe"  -f CMakeFiles\cmTC_76f97.dir\build.make /nologo -L                  CMakeFiles\cmTC_76f97.dir\build
Building C object CMakeFiles/cmTC_76f97.dir/testCCompiler.c.obj
	C:\PROGRA~2\MICROS~2\2017\COMMUN~1\VC\Tools\MSVC\1416~1.270\bin\Hostx64\x64\cl.exe @C:\Users\penci\AppData\Local\Temp\nmC396.tmp
testCCompiler.c
Linking C executable cmTC_76f97.exe
	C:\Users\penci\AppData\Local\JetBrains\Toolbox\apps\CLion\ch-0\202.6948.80\bin\cmake\win\bin\cmake.exe -E vs_link_exe --intdir=CMakeFiles\cmTC_76f97.dir --rc=C:\PROGRA~2\WI3CF2~1\10\bin\100183~1.0\x64\rc.exe --mt=C:\PROGRA~2\WI3CF2~1\10\bin\100183~1.0\x64\mt.exe --manifests  -- C:\PROGRA~2\MICROS~2\2017\COMMUN~1\VC\Tools\MSVC\1416~1.270\bin\Hostx64\x64\link.exe /nologo @CMakeFiles\cmTC_76f97.dir\objects1.rsp @C:\Users\penci\AppData\Local\Temp\nmC3C5.tmp



Detecting C compiler ABI info compiled with the following output:
Change Dir: C:/Users/penci/OneDrive/Desktop/LibPyMath/LibPyMath/libpymath/LibPyMathModules/cmake-build-debug/CMakeFiles/CMakeTmp

Run Build Command(s):nmake /nologo cmTC_2c3d7\fast && 	"C:\Program Files (x86)\Microsoft Visual Studio\2017\Community\VC\Tools\MSVC\14.16.27023\bin\HostX64\x64\nmake.exe"  -f CMakeFiles\cmTC_2c3d7.dir\build.make /nologo -L                  CMakeFiles\cmTC_2c3d7.dir\build
Building C object CMakeFiles/cmTC_2c3d7.dir/CMakeCCompilerABI.c.obj
	C:\PROGRA~2\MICROS~2\2017\COMMUN~1\VC\Tools\MSVC\1416~1.270\bin\Hostx64\x64\cl.exe @C:\Users\penci\AppData\Local\Temp\nmC693.tmp
CMakeCCompilerABI.c
Linking C executable cmTC_2c3d7.exe
	C:\Users\penci\AppData\Local\JetBrains\Toolbox\apps\CLion\ch-0\202.6948.80\bin\cmake\win\bin\cmake.exe -E vs_link_exe --intdir=CMakeFiles\cmTC_2c3d7.dir --rc=C:\PROGRA~2\WI3CF2~1\10\bin\100183~1.0\x64\rc.exe --mt=C:\PROGRA~2\WI3CF2~1\10\bin\100183~1.0\x64\mt.exe --manifests  -- C:\PROGRA~2\MICROS~2\2017\COMMUN~1\VC\Tools\MSVC\1416~1.270\bin\Hostx64\x64\link.exe /nologo @CMakeFiles\cmTC_2c3d7.dir\objects1.rsp @C:\Users\penci\AppData\Local\Temp\nmC6D3.tmp



